<?xml version="1.0" encoding="UTF-8"?>
<!-- Generated by org.testng.reporters.JUnitReportReporter -->
<testsuite hostname="MWDH-Work2" failures="0" tests="1" name="ass1W9D3.ChromeWebDriverAss1W9D3" time="4.233" errors="0" timestamp="2022-08-02T03:33:16 AST" skipped="0">
  <testcase classname="ass1W9D3.ChromeWebDriverAss1W9D3" name="LearnEnglishWebSite" time="4.233"/>
  <system-out/>
</testsuite> <!-- ass1W9D3.ChromeWebDriverAss1W9D3 -->
